[0902/131101.702:WARNING:process_reader_win.cc(156)] Thread 79632 should be suspended, but previous_suspend_count is 0
[0902/131101.705:WARNING:process_reader_win.cc(156)] Thread 82068 should be suspended, but previous_suspend_count is 0
[0902/131101.705:WARNING:process_reader_win.cc(156)] Thread 63212 should be suspended, but previous_suspend_count is 0
[0902/131101.705:WARNING:process_reader_win.cc(156)] Thread 82064 should be suspended, but previous_suspend_count is 0
[0902/131101.705:WARNING:process_reader_win.cc(156)] Thread 83768 should be suspended, but previous_suspend_count is 0
[0902/131101.705:WARNING:process_reader_win.cc(156)] Thread 82376 should be suspended, but previous_suspend_count is 0
[0902/131101.705:WARNING:process_reader_win.cc(156)] Thread 82444 should be suspended, but previous_suspend_count is 0
[0902/131101.706:WARNING:process_reader_win.cc(156)] Thread 82856 should be suspended, but previous_suspend_count is 0
[0902/131101.706:WARNING:process_reader_win.cc(156)] Thread 80052 should be suspended, but previous_suspend_count is 0
[0902/131101.706:WARNING:process_reader_win.cc(156)] Thread 83252 should be suspended, but previous_suspend_count is 0
[0902/131101.706:WARNING:process_reader_win.cc(156)] Thread 82664 should be suspended, but previous_suspend_count is 0
[0902/131101.706:WARNING:process_reader_win.cc(156)] Thread 82144 should be suspended, but previous_suspend_count is 0
[0902/131101.706:WARNING:process_reader_win.cc(156)] Thread 80128 should be suspended, but previous_suspend_count is 0
[0902/131101.707:WARNING:process_reader_win.cc(156)] Thread 81956 should be suspended, but previous_suspend_count is 0
[0902/131102.006:ERROR:process_info.cc(359)] UncheckedAllocate
[0902/131251.192:WARNING:process_reader_win.cc(156)] Thread 83592 should be suspended, but previous_suspend_count is 0
[0902/131251.192:WARNING:process_reader_win.cc(156)] Thread 78532 should be suspended, but previous_suspend_count is 0
[0902/131251.192:WARNING:process_reader_win.cc(156)] Thread 83636 should be suspended, but previous_suspend_count is 0
[0902/131251.193:WARNING:process_reader_win.cc(156)] Thread 81928 should be suspended, but previous_suspend_count is 0
[0902/131251.193:WARNING:process_reader_win.cc(156)] Thread 83668 should be suspended, but previous_suspend_count is 0
[0902/131251.193:WARNING:process_reader_win.cc(156)] Thread 83820 should be suspended, but previous_suspend_count is 0
[0902/131251.193:WARNING:process_reader_win.cc(156)] Thread 83704 should be suspended, but previous_suspend_count is 0
[0902/131251.193:WARNING:process_reader_win.cc(156)] Thread 83148 should be suspended, but previous_suspend_count is 0
[0902/131251.193:WARNING:process_reader_win.cc(156)] Thread 83068 should be suspended, but previous_suspend_count is 0
[0902/131251.193:WARNING:process_reader_win.cc(156)] Thread 83396 should be suspended, but previous_suspend_count is 0
[0902/131251.193:WARNING:process_reader_win.cc(156)] Thread 82812 should be suspended, but previous_suspend_count is 0
[0902/131251.193:WARNING:process_reader_win.cc(156)] Thread 83640 should be suspended, but previous_suspend_count is 0
[0902/131251.194:WARNING:process_reader_win.cc(156)] Thread 85488 should be suspended, but previous_suspend_count is 0
[0902/131251.194:WARNING:process_reader_win.cc(156)] Thread 87860 should be suspended, but previous_suspend_count is 0
[0902/131251.194:WARNING:process_reader_win.cc(156)] Thread 87512 should be suspended, but previous_suspend_count is 0
[0902/131251.338:ERROR:process_info.cc(359)] UncheckedAllocate
[0902/145019.859:WARNING:process_reader_win.cc(156)] Thread 93580 should be suspended, but previous_suspend_count is 0
[0902/145019.876:WARNING:process_reader_win.cc(156)] Thread 93584 should be suspended, but previous_suspend_count is 0
[0902/145020.014:ERROR:process_info.cc(359)] UncheckedAllocate
[0902/160304.067:ERROR:process_reader_win.cc(123)] NtOpenThread: {액세스 거부} 프로세스가 개체에 액세스를 요구했지만 액세스 권한이 없습니다. (0xc0000022)
[0902/160304.102:ERROR:exception_snapshot_win.cc(98)] thread ID 91700 not found in process
[0902/160304.689:ERROR:process_reader_win.cc(123)] NtOpenThread: {액세스 거부} 프로세스가 개체에 액세스를 요구했지만 액세스 권한이 없습니다. (0xc0000022)
[0902/160304.689:ERROR:exception_snapshot_win.cc(98)] thread ID 95620 not found in process
[0902/175200.976:WARNING:process_reader_win.cc(156)] Thread 44172 should be suspended, but previous_suspend_count is 0
[0902/175200.994:WARNING:process_reader_win.cc(156)] Thread 92216 should be suspended, but previous_suspend_count is 0
[0902/175200.997:WARNING:process_reader_win.cc(156)] Thread 6572 should be suspended, but previous_suspend_count is 0
[0902/175201.069:WARNING:process_reader_win.cc(156)] Thread 97224 should be suspended, but previous_suspend_count is 0
[0902/175201.069:WARNING:process_reader_win.cc(156)] Thread 100148 should be suspended, but previous_suspend_count is 0
[0902/175201.069:WARNING:process_reader_win.cc(156)] Thread 20076 should be suspended, but previous_suspend_count is 0
[0902/175201.069:WARNING:process_reader_win.cc(156)] Thread 100164 should be suspended, but previous_suspend_count is 0
[0902/175201.070:WARNING:process_reader_win.cc(156)] Thread 98124 should be suspended, but previous_suspend_count is 0
[0902/175201.070:WARNING:process_reader_win.cc(156)] Thread 96424 should be suspended, but previous_suspend_count is 0
[0902/175201.070:WARNING:process_reader_win.cc(156)] Thread 98232 should be suspended, but previous_suspend_count is 0
[0902/175201.070:WARNING:process_reader_win.cc(156)] Thread 96272 should be suspended, but previous_suspend_count is 0
[0902/175201.070:WARNING:process_reader_win.cc(156)] Thread 97888 should be suspended, but previous_suspend_count is 0
[0902/175201.070:WARNING:process_reader_win.cc(156)] Thread 80508 should be suspended, but previous_suspend_count is 0
[0902/175201.070:WARNING:process_reader_win.cc(156)] Thread 37988 should be suspended, but previous_suspend_count is 0
[0902/175201.070:WARNING:process_reader_win.cc(156)] Thread 89120 should be suspended, but previous_suspend_count is 0
[0902/175201.080:WARNING:process_reader_win.cc(156)] Thread 104404 should be suspended, but previous_suspend_count is 0
[0902/175201.206:ERROR:process_info.cc(359)] UncheckedAllocate
[0902/175201.262:ERROR:filesystem_win.cc(148)] DeleteFile C:\Users\Mohw-IN\AppData\Local\Temp\scoped_dir98860_1015956222\Crashpad\reports\63e853de-332e-4050-be76-53dbdef7f165.dmp: 다른 프로세스가 파일을 사용 중이기 때문에 프로세스가 액세스 할 수 없습니다. (0x20)
